{"/home/nick/Code/FrontEndMasters/IntermediateReact/adopt-a-pet/src/Carousel.js": {"path":"/home/nick/Code/FrontEndMasters/IntermediateReact/adopt-a-pet/src/Carousel.js","statementMap":{"0":{"start":{"line":11,"column":22},"end":{"line":11,"column":32}},"1":{"start":{"line":13,"column":17},"end":{"line":13,"column":19}},"2":{"start":{"line":16,"column":4},"end":{"line":18,"column":5}},"3":{"start":{"line":17,"column":6},"end":{"line":17,"column":75}},"4":{"start":{"line":17,"column":50},"end":{"line":17,"column":73}},"5":{"start":{"line":20,"column":4},"end":{"line":24,"column":5}},"6":{"start":{"line":21,"column":6},"end":{"line":21,"column":29}},"7":{"start":{"line":23,"column":6},"end":{"line":23,"column":45}},"8":{"start":{"line":26,"column":4},"end":{"line":26,"column":36}},"9":{"start":{"line":30,"column":22},"end":{"line":30,"column":38}},"10":{"start":{"line":31,"column":17},"end":{"line":31,"column":47}},"11":{"start":{"line":33,"column":4},"end":{"line":36,"column":7}},"12":{"start":{"line":40,"column":37},"end":{"line":40,"column":47}},"13":{"start":{"line":42,"column":4},"end":{"line":59,"column":6}},"14":{"start":{"line":48,"column":12},"end":{"line":55,"column":14}}},"fnMap":{"0":{"name":"(anonymous_0)","decl":{"start":{"line":10,"column":2},"end":{"line":10,"column":3}},"loc":{"start":{"line":10,"column":22},"end":{"line":27,"column":3}},"line":10},"1":{"name":"(anonymous_1)","decl":{"start":{"line":17,"column":41},"end":{"line":17,"column":42}},"loc":{"start":{"line":17,"column":50},"end":{"line":17,"column":73}},"line":17},"2":{"name":"(anonymous_2)","decl":{"start":{"line":29,"column":21},"end":{"line":29,"column":22}},"loc":{"start":{"line":29,"column":26},"end":{"line":37,"column":3}},"line":29},"3":{"name":"(anonymous_3)","decl":{"start":{"line":39,"column":2},"end":{"line":39,"column":3}},"loc":{"start":{"line":39,"column":11},"end":{"line":60,"column":3}},"line":39},"4":{"name":"(anonymous_4)","decl":{"start":{"line":46,"column":22},"end":{"line":46,"column":23}},"loc":{"start":{"line":48,"column":12},"end":{"line":55,"column":14}},"line":48}},"branchMap":{"0":{"loc":{"start":{"line":16,"column":4},"end":{"line":18,"column":5}},"type":"if","locations":[{"start":{"line":16,"column":4},"end":{"line":18,"column":5}},{"start":{"line":16,"column":4},"end":{"line":18,"column":5}}],"line":16},"1":{"loc":{"start":{"line":16,"column":8},"end":{"line":16,"column":51}},"type":"binary-expr","locations":[{"start":{"line":16,"column":8},"end":{"line":16,"column":13}},{"start":{"line":16,"column":17},"end":{"line":16,"column":29}},{"start":{"line":16,"column":33},"end":{"line":16,"column":51}}],"line":16},"2":{"loc":{"start":{"line":20,"column":4},"end":{"line":24,"column":5}},"type":"if","locations":[{"start":{"line":20,"column":4},"end":{"line":24,"column":5}},{"start":{"line":20,"column":4},"end":{"line":24,"column":5}}],"line":20},"3":{"loc":{"start":{"line":52,"column":25},"end":{"line":52,"column":57}},"type":"cond-expr","locations":[{"start":{"line":52,"column":44},"end":{"line":52,"column":52}},{"start":{"line":52,"column":55},"end":{"line":52,"column":57}}],"line":52}},"s":{"0":0,"1":0,"2":0,"3":0,"4":0,"5":0,"6":0,"7":0,"8":0,"9":0,"10":0,"11":0,"12":0,"13":0,"14":0},"f":{"0":0,"1":0,"2":0,"3":0,"4":0},"b":{"0":[0,0],"1":[0,0,0],"2":[0,0],"3":[0,0]},"_coverageSchema":"332fd63041d2c1bcb487cc26dd0d5f7d97098a6c","hash":"deb8e47fb0e7c2eec9e70a1c6ca5f9f1a6761a2a"}
,"/home/nick/Code/FrontEndMasters/IntermediateReact/adopt-a-pet/src/Details.js": {"path":"/home/nick/Code/FrontEndMasters/IntermediateReact/adopt-a-pet/src/Details.js","statementMap":{"0":{"start":{"line":8,"column":18},"end":{"line":11,"column":2}},"1":{"start":{"line":20,"column":4},"end":{"line":20,"column":56}},"2":{"start":{"line":24,"column":4},"end":{"line":51,"column":9}},"3":{"start":{"line":30,"column":24},"end":{"line":30,"column":38}},"4":{"start":{"line":32,"column":8},"end":{"line":36,"column":9}},"5":{"start":{"line":33,"column":10},"end":{"line":33,"column":46}},"6":{"start":{"line":35,"column":10},"end":{"line":35,"column":35}},"7":{"start":{"line":38,"column":8},"end":{"line":46,"column":11}},"8":{"start":{"line":49,"column":8},"end":{"line":49,"column":38}},"9":{"start":{"line":50,"column":8},"end":{"line":50,"column":22}},"10":{"start":{"line":55,"column":4},"end":{"line":57,"column":5}},"11":{"start":{"line":56,"column":6},"end":{"line":56,"column":33}},"12":{"start":{"line":67,"column":8},"end":{"line":67,"column":18}},"13":{"start":{"line":69,"column":4},"end":{"line":90,"column":6}}},"fnMap":{"0":{"name":"(anonymous_0)","decl":{"start":{"line":19,"column":16},"end":{"line":19,"column":17}},"loc":{"start":{"line":19,"column":22},"end":{"line":21,"column":3}},"line":19},"1":{"name":"(anonymous_1)","decl":{"start":{"line":23,"column":2},"end":{"line":23,"column":3}},"loc":{"start":{"line":23,"column":22},"end":{"line":52,"column":3}},"line":23},"2":{"name":"(anonymous_2)","decl":{"start":{"line":29,"column":12},"end":{"line":29,"column":13}},"loc":{"start":{"line":29,"column":20},"end":{"line":47,"column":7}},"line":29},"3":{"name":"(anonymous_3)","decl":{"start":{"line":48,"column":13},"end":{"line":48,"column":14}},"loc":{"start":{"line":48,"column":20},"end":{"line":51,"column":7}},"line":48},"4":{"name":"(anonymous_4)","decl":{"start":{"line":54,"column":2},"end":{"line":54,"column":3}},"loc":{"start":{"line":54,"column":11},"end":{"line":91,"column":3}},"line":54}},"branchMap":{"0":{"loc":{"start":{"line":32,"column":8},"end":{"line":36,"column":9}},"type":"if","locations":[{"start":{"line":32,"column":8},"end":{"line":36,"column":9}},{"start":{"line":32,"column":8},"end":{"line":36,"column":9}}],"line":32},"1":{"loc":{"start":{"line":55,"column":4},"end":{"line":57,"column":5}},"type":"if","locations":[{"start":{"line":55,"column":4},"end":{"line":57,"column":5}},{"start":{"line":55,"column":4},"end":{"line":57,"column":5}}],"line":55},"2":{"loc":{"start":{"line":79,"column":11},"end":{"line":87,"column":18}},"type":"cond-expr","locations":[{"start":{"line":80,"column":12},"end":{"line":86,"column":20}},{"start":{"line":87,"column":14},"end":{"line":87,"column":18}}],"line":79}},"s":{"0":1,"1":1,"2":2,"3":0,"4":0,"5":0,"6":0,"7":0,"8":0,"9":0,"10":3,"11":3,"12":0,"13":0},"f":{"0":1,"1":2,"2":0,"3":0,"4":3},"b":{"0":[0,0],"1":[3,0],"2":[0,0]},"_coverageSchema":"332fd63041d2c1bcb487cc26dd0d5f7d97098a6c","hash":"e48784732014853743cf9ee5615f63f1f925dd86"}
,"/home/nick/Code/FrontEndMasters/IntermediateReact/adopt-a-pet/src/Modal.js": {"path":"/home/nick/Code/FrontEndMasters/IntermediateReact/adopt-a-pet/src/Modal.js","statementMap":{"0":{"start":{"line":4,"column":18},"end":{"line":4,"column":50}},"1":{"start":{"line":8,"column":4},"end":{"line":8,"column":17}},"2":{"start":{"line":10,"column":4},"end":{"line":10,"column":44}},"3":{"start":{"line":14,"column":4},"end":{"line":14,"column":35}},"4":{"start":{"line":18,"column":4},"end":{"line":18,"column":35}},"5":{"start":{"line":22,"column":4},"end":{"line":22,"column":54}}},"fnMap":{"0":{"name":"(anonymous_0)","decl":{"start":{"line":7,"column":2},"end":{"line":7,"column":3}},"loc":{"start":{"line":7,"column":21},"end":{"line":11,"column":3}},"line":7},"1":{"name":"(anonymous_1)","decl":{"start":{"line":13,"column":2},"end":{"line":13,"column":3}},"loc":{"start":{"line":13,"column":22},"end":{"line":15,"column":3}},"line":13},"2":{"name":"(anonymous_2)","decl":{"start":{"line":17,"column":2},"end":{"line":17,"column":3}},"loc":{"start":{"line":17,"column":25},"end":{"line":19,"column":3}},"line":17},"3":{"name":"(anonymous_3)","decl":{"start":{"line":21,"column":2},"end":{"line":21,"column":3}},"loc":{"start":{"line":21,"column":11},"end":{"line":23,"column":3}},"line":21}},"branchMap":{},"s":{"0":1,"1":0,"2":0,"3":0,"4":0,"5":0},"f":{"0":0,"1":0,"2":0,"3":0},"b":{},"_coverageSchema":"332fd63041d2c1bcb487cc26dd0d5f7d97098a6c","hash":"e32df93baf529f9be2c124ceb1f6e0c683900b81"}
}
