TN:
SF:/home/nick/Code/FrontEndMasters/IntermediateReact/adopt-a-pet/src/Carousel.js
FN:10,(anonymous_0)
FN:17,(anonymous_1)
FN:29,(anonymous_2)
FN:39,(anonymous_3)
FN:46,(anonymous_4)
FNF:5
FNH:0
FNDA:0,(anonymous_0)
FNDA:0,(anonymous_1)
FNDA:0,(anonymous_2)
FNDA:0,(anonymous_3)
FNDA:0,(anonymous_4)
DA:11,0
DA:13,0
DA:16,0
DA:17,0
DA:20,0
DA:21,0
DA:23,0
DA:26,0
DA:30,0
DA:31,0
DA:33,0
DA:40,0
DA:42,0
DA:48,0
LF:14
LH:0
BRDA:16,0,0,0
BRDA:16,0,1,0
BRDA:16,1,0,0
BRDA:16,1,1,0
BRDA:16,1,2,0
BRDA:20,2,0,0
BRDA:20,2,1,0
BRDA:52,3,0,0
BRDA:52,3,1,0
BRF:9
BRH:0
end_of_record
TN:
SF:/home/nick/Code/FrontEndMasters/IntermediateReact/adopt-a-pet/src/Details.js
FN:19,(anonymous_0)
FN:23,(anonymous_1)
FN:29,(anonymous_2)
FN:48,(anonymous_3)
FN:54,(anonymous_4)
FNF:5
FNH:3
FNDA:1,(anonymous_0)
FNDA:2,(anonymous_1)
FNDA:0,(anonymous_2)
FNDA:0,(anonymous_3)
FNDA:3,(anonymous_4)
DA:8,1
DA:20,1
DA:24,2
DA:30,0
DA:32,0
DA:33,0
DA:35,0
DA:38,0
DA:49,0
DA:50,0
DA:55,3
DA:56,3
DA:67,0
DA:69,0
LF:14
LH:5
BRDA:32,0,0,0
BRDA:32,0,1,0
BRDA:55,1,0,3
BRDA:55,1,1,0
BRDA:79,2,0,0
BRDA:79,2,1,0
BRF:6
BRH:1
end_of_record
TN:
SF:/home/nick/Code/FrontEndMasters/IntermediateReact/adopt-a-pet/src/Modal.js
FN:7,(anonymous_0)
FN:13,(anonymous_1)
FN:17,(anonymous_2)
FN:21,(anonymous_3)
FNF:4
FNH:0
FNDA:0,(anonymous_0)
FNDA:0,(anonymous_1)
FNDA:0,(anonymous_2)
FNDA:0,(anonymous_3)
DA:4,1
DA:8,0
DA:10,0
DA:14,0
DA:18,0
DA:22,0
LF:6
LH:1
BRF:0
BRH:0
end_of_record
